{"lvl":"info","msg":"no configuration paths supplied","t":"2026-05-25T12:08:30.3345552+05:30"}
{"lvl":"info","msg":"using configuration at default config path","path":"C:\\Users\\hp\\AppData\\Local\\ngrok\\ngrok.yml","t":"2026-05-25T12:08:30.3357459+05:30"}
{"err":"\u003cnil\u003e","lvl":"info","msg":"open config file","path":"C:\\Users\\hp\\AppData\\Local\\ngrok\\ngrok.yml","t":"2026-05-25T12:08:30.3357459+05:30"}
{"enabled":false,"lvl":"info","msg":"FIPS 140 mode","t":"2026-05-25T12:08:30.3393573+05:30"}
{"addr":"127.0.0.1:4040","allow_hosts":null,"lvl":"info","msg":"starting web service","obj":"web","t":"2026-05-25T12:08:30.380045+05:30"}
{"err":"Post \"https://update.ngrok-agent.com/check\": EOF","lvl":"warn","msg":"failed to check for update","obj":"updater","t":"2026-05-25T12:08:32.4886383+05:30"}
{"lvl":"info","msg":"client session established","obj":"tunnels.session","t":"2026-05-25T12:08:34.4232121+05:30"}
{"lvl":"info","msg":"tunnel session started","obj":"tunnels.session","t":"2026-05-25T12:08:34.4232121+05:30"}
{"addr":"http://localhost:8000","lvl":"info","msg":"started tunnel","name":"command_line","obj":"tunnels","t":"2026-05-25T12:08:35.2578208+05:30","url":"https://unaligned-enclosure-dismantle.ngrok-free.dev"}
{"id":"9d6d28f4bb84060e","lvl":"info","msg":"start","pg":"/api/tunnels","t":"2026-05-25T12:08:42.2559517+05:30"}
{"dur":"0s","id":"9d6d28f4bb84060e","lvl":"info","msg":"end","pg":"/api/tunnels","status":200,"t":"2026-05-25T12:08:42.2559517+05:30"}
{"id":"7de46e30e32e","l":"127.0.0.1:8000","lvl":"info","msg":"join connections","obj":"join","r":"59.183.37.74:51990","t":"2026-05-25T12:59:10.4787153+05:30"}
{"clientid":"4daea3cca9e04bbcd1148aefab38d7d3","id":"cbf9e73dd4c7","lvl":"eror","msg":"heartbeat timeout, terminating session","obj":"csess","t":"2026-05-25T13:11:19.7280424+05:30"}
{"err":"session closed","id":"69c972725b1d","lvl":"eror","msg":"session closed, starting reconnect loop","obj":"csess","t":"2026-05-25T13:11:19.7362746+05:30"}
{"err":"failed to dial ngrok server with address \"connect.ngrok-agent.com:443\": dial tcp: lookup connect.ngrok-agent.com: i/o timeout","lvl":"eror","msg":"failed to reconnect session","obj":"tunnels.session","t":"2026-05-25T13:11:29.7376664+05:30"}
{"err":"failed to dial ngrok server with address \"connect.ngrok-agent.com:443\": dial tcp: lookup connect.ngrok-agent.com: no such host","lvl":"eror","msg":"failed to reconnect session","obj":"tunnels.session","t":"2026-05-25T13:11:31.2078622+05:30"}
{"err":"failed to dial ngrok server with address \"connect.ngrok-agent.com:443\": dial tcp: lookup connect.ngrok-agent.com: i/o timeout","lvl":"eror","msg":"failed to reconnect session","obj":"tunnels.session","t":"2026-05-25T13:11:42.2098652+05:30"}
{"err":"failed to dial ngrok server with address \"connect.ngrok-agent.com:443\": dial tcp: lookup connect.ngrok-agent.com: i/o timeout","lvl":"eror","msg":"failed to reconnect session","obj":"tunnels.session","t":"2026-05-25T13:11:54.2108882+05:30"}
{"err":"failed to dial ngrok server with address \"connect.ngrok-agent.com:443\": dial tcp: lookup connect.ngrok-agent.com: i/o timeout","lvl":"eror","msg":"failed to reconnect session","obj":"tunnels.session","t":"2026-05-25T13:12:08.2122164+05:30"}
{"err":"failed to dial ngrok server with address \"connect.ngrok-agent.com:443\": dial tcp: lookup connect.ngrok-agent.com: i/o timeout","lvl":"eror","msg":"failed to reconnect session","obj":"tunnels.session","t":"2026-05-25T13:12:26.214436+05:30"}
{"err":"failed to dial ngrok server with address \"connect.ngrok-agent.com:443\": dial tcp: lookup connect.ngrok-agent.com: no such host","lvl":"eror","msg":"failed to reconnect session","obj":"tunnels.session","t":"2026-05-25T13:12:42.2198082+05:30"}
{"err":"failed to dial ngrok server with address \"connect.ngrok-agent.com:443\": dial tcp: lookup connect.ngrok-agent.com: no such host","lvl":"eror","msg":"failed to reconnect session","obj":"tunnels.session","t":"2026-05-25T13:13:12.2264572+05:30"}
{"err":"failed to dial ngrok server with address \"connect.ngrok-agent.com:443\": dial tcp: lookup connect.ngrok-agent.com: no such host","lvl":"eror","msg":"failed to reconnect session","obj":"tunnels.session","t":"2026-05-25T13:13:42.2385327+05:30"}
{"err":"failed to dial ngrok server with address \"connect.ngrok-agent.com:443\": dial tcp: lookup connect.ngrok-agent.com: no such host","lvl":"eror","msg":"failed to reconnect session","obj":"tunnels.session","t":"2026-05-25T13:14:12.2447719+05:30"}
{"err":"failed to dial ngrok server with address \"connect.ngrok-agent.com:443\": dial tcp: lookup connect.ngrok-agent.com: no such host","lvl":"eror","msg":"failed to reconnect session","obj":"tunnels.session","t":"2026-05-25T13:14:42.2507289+05:30"}
{"err":"failed to dial ngrok server with address \"connect.ngrok-agent.com:443\": dial tcp: lookup connect.ngrok-agent.com: no such host","lvl":"eror","msg":"failed to reconnect session","obj":"tunnels.session","t":"2026-05-25T13:15:12.2573842+05:30"}
{"err":"failed to dial ngrok server with address \"connect.ngrok-agent.com:443\": dial tcp: lookup connect.ngrok-agent.com: no such host","lvl":"eror","msg":"failed to reconnect session","obj":"tunnels.session","t":"2026-05-25T13:15:42.2699014+05:30"}
{"err":"failed to dial ngrok server with address \"connect.ngrok-agent.com:443\": dial tcp: lookup connect.ngrok-agent.com: no such host","lvl":"eror","msg":"failed to reconnect session","obj":"tunnels.session","t":"2026-05-25T13:16:12.2760116+05:30"}
{"err":"failed to dial ngrok server with address \"connect.ngrok-agent.com:443\": dial tcp: lookup connect.ngrok-agent.com: no such host","lvl":"eror","msg":"failed to reconnect session","obj":"tunnels.session","t":"2026-05-25T13:16:42.2850778+05:30"}
{"err":"failed to dial ngrok server with address \"connect.ngrok-agent.com:443\": dial tcp: lookup connect.ngrok-agent.com: no such host","lvl":"eror","msg":"failed to reconnect session","obj":"tunnels.session","t":"2026-05-25T13:17:12.2953721+05:30"}
{"err":"failed to dial ngrok server with address \"connect.ngrok-agent.com:443\": dial tcp: lookup connect.ngrok-agent.com: no such host","lvl":"eror","msg":"failed to reconnect session","obj":"tunnels.session","t":"2026-05-25T13:17:42.3012696+05:30"}
{"err":"failed to dial ngrok server with address \"connect.ngrok-agent.com:443\": dial tcp: lookup connect.ngrok-agent.com: no such host","lvl":"eror","msg":"failed to reconnect session","obj":"tunnels.session","t":"2026-05-25T13:18:12.3083185+05:30"}
{"err":"failed to dial ngrok server with address \"connect.ngrok-agent.com:443\": dial tcp: lookup connect.ngrok-agent.com: no such host","lvl":"eror","msg":"failed to reconnect session","obj":"tunnels.session","t":"2026-05-25T13:18:42.3199311+05:30"}
{"err":"failed to dial ngrok server with address \"connect.ngrok-agent.com:443\": dial tcp: lookup connect.ngrok-agent.com: no such host","lvl":"eror","msg":"failed to reconnect session","obj":"tunnels.session","t":"2026-05-25T13:19:12.3271282+05:30"}
{"err":"failed to dial ngrok server with address \"connect.ngrok-agent.com:443\": dial tcp: lookup connect.ngrok-agent.com: no such host","lvl":"eror","msg":"failed to reconnect session","obj":"tunnels.session","t":"2026-05-25T13:19:42.3347149+05:30"}
{"err":"failed to dial ngrok server with address \"connect.ngrok-agent.com:443\": dial tcp: lookup connect.ngrok-agent.com: no such host","lvl":"eror","msg":"failed to reconnect session","obj":"tunnels.session","t":"2026-05-25T13:20:12.3408138+05:30"}
{"err":"failed to dial ngrok server with address \"connect.ngrok-agent.com:443\": dial tcp: lookup connect.ngrok-agent.com: no such host","lvl":"eror","msg":"failed to reconnect session","obj":"tunnels.session","t":"2026-05-25T13:20:42.3477888+05:30"}
{"err":"failed to dial ngrok server with address \"connect.ngrok-agent.com:443\": dial tcp: lookup connect.ngrok-agent.com: no such host","lvl":"eror","msg":"failed to reconnect session","obj":"tunnels.session","t":"2026-05-25T13:21:12.3539622+05:30"}
{"err":"failed to dial ngrok server with address \"connect.ngrok-agent.com:443\": dial tcp: lookup connect.ngrok-agent.com: no such host","lvl":"eror","msg":"failed to reconnect session","obj":"tunnels.session","t":"2026-05-25T13:21:42.3591764+05:30"}
{"err":"failed to dial ngrok server with address \"connect.ngrok-agent.com:443\": dial tcp: lookup connect.ngrok-agent.com: no such host","lvl":"eror","msg":"failed to reconnect session","obj":"tunnels.session","t":"2026-05-25T13:22:12.3718466+05:30"}
{"err":"failed to dial ngrok server with address \"connect.ngrok-agent.com:443\": dial tcp: lookup connect.ngrok-agent.com: no such host","lvl":"eror","msg":"failed to reconnect session","obj":"tunnels.session","t":"2026-05-25T13:22:42.3792256+05:30"}
{"err":"failed to dial ngrok server with address \"connect.ngrok-agent.com:443\": dial tcp: lookup connect.ngrok-agent.com: no such host","lvl":"eror","msg":"failed to reconnect session","obj":"tunnels.session","t":"2026-05-25T13:23:12.3836521+05:30"}
{"err":"failed to dial ngrok server with address \"connect.ngrok-agent.com:443\": dial tcp: lookup connect.ngrok-agent.com: no such host","lvl":"eror","msg":"failed to reconnect session","obj":"tunnels.session","t":"2026-05-25T13:23:42.3900923+05:30"}
{"err":"failed to dial ngrok server with address \"connect.ngrok-agent.com:443\": dial tcp: lookup connect.ngrok-agent.com: no such host","lvl":"eror","msg":"failed to reconnect session","obj":"tunnels.session","t":"2026-05-25T13:24:12.3963317+05:30"}
{"err":"failed to dial ngrok server with address \"connect.ngrok-agent.com:443\": dial tcp: lookup connect.ngrok-agent.com: no such host","lvl":"eror","msg":"failed to reconnect session","obj":"tunnels.session","t":"2026-05-25T13:24:42.4053684+05:30"}
{"err":"failed to dial ngrok server with address \"connect.ngrok-agent.com:443\": dial tcp: lookup connect.ngrok-agent.com: no such host","lvl":"eror","msg":"failed to reconnect session","obj":"tunnels.session","t":"2026-05-25T13:25:12.4097242+05:30"}
{"err":"failed to dial ngrok server with address \"connect.ngrok-agent.com:443\": dial tcp: lookup connect.ngrok-agent.com: no such host","lvl":"eror","msg":"failed to reconnect session","obj":"tunnels.session","t":"2026-05-25T13:25:42.4202157+05:30"}
{"err":"failed to dial ngrok server with address \"connect.ngrok-agent.com:443\": dial tcp: lookup connect.ngrok-agent.com: no such host","lvl":"eror","msg":"failed to reconnect session","obj":"tunnels.session","t":"2026-05-25T13:26:12.4280016+05:30"}
{"err":"failed to dial ngrok server with address \"connect.ngrok-agent.com:443\": dial tcp: lookup connect.ngrok-agent.com: no such host","lvl":"eror","msg":"failed to reconnect session","obj":"tunnels.session","t":"2026-05-25T13:26:42.4319129+05:30"}
{"err":"failed to dial ngrok server with address \"connect.ngrok-agent.com:443\": dial tcp: lookup connect.ngrok-agent.com: no such host","lvl":"eror","msg":"failed to reconnect session","obj":"tunnels.session","t":"2026-05-25T13:27:12.4388769+05:30"}
{"err":"failed to dial ngrok server with address \"connect.ngrok-agent.com:443\": dial tcp: lookup connect.ngrok-agent.com: no such host","lvl":"eror","msg":"failed to reconnect session","obj":"tunnels.session","t":"2026-05-25T13:27:42.4433608+05:30"}
{"err":"failed to dial ngrok server with address \"connect.ngrok-agent.com:443\": dial tcp: lookup connect.ngrok-agent.com: no such host","lvl":"eror","msg":"failed to reconnect session","obj":"tunnels.session","t":"2026-05-25T13:28:12.4465982+05:30"}
{"err":"failed to dial ngrok server with address \"connect.ngrok-agent.com:443\": dial tcp: lookup connect.ngrok-agent.com: no such host","lvl":"eror","msg":"failed to reconnect session","obj":"tunnels.session","t":"2026-05-25T13:28:42.4498997+05:30"}
{"err":"failed to dial ngrok server with address \"connect.ngrok-agent.com:443\": dial tcp: lookup connect.ngrok-agent.com: no such host","lvl":"eror","msg":"failed to reconnect session","obj":"tunnels.session","t":"2026-05-25T13:29:12.4532987+05:30"}
{"err":"failed to dial ngrok server with address \"connect.ngrok-agent.com:443\": dial tcp: lookup connect.ngrok-agent.com: no such host","lvl":"eror","msg":"failed to reconnect session","obj":"tunnels.session","t":"2026-05-25T13:29:42.4567207+05:30"}
{"err":"failed to dial ngrok server with address \"connect.ngrok-agent.com:443\": dial tcp: lookup connect.ngrok-agent.com: no such host","lvl":"eror","msg":"failed to reconnect session","obj":"tunnels.session","t":"2026-05-25T13:30:12.460647+05:30"}
{"err":"failed to dial ngrok server with address \"connect.ngrok-agent.com:443\": dial tcp: lookup connect.ngrok-agent.com: no such host","lvl":"eror","msg":"failed to reconnect session","obj":"tunnels.session","t":"2026-05-25T13:30:42.4643747+05:30"}
{"err":"failed to dial ngrok server with address \"connect.ngrok-agent.com:443\": dial tcp: lookup connect.ngrok-agent.com: no such host","lvl":"eror","msg":"failed to reconnect session","obj":"tunnels.session","t":"2026-05-25T13:31:12.4684662+05:30"}
{"err":"failed to dial ngrok server with address \"connect.ngrok-agent.com:443\": dial tcp: lookup connect.ngrok-agent.com: no such host","lvl":"eror","msg":"failed to reconnect session","obj":"tunnels.session","t":"2026-05-25T13:31:42.4722778+05:30"}
{"err":"failed to dial ngrok server with address \"connect.ngrok-agent.com:443\": dial tcp: lookup connect.ngrok-agent.com: no such host","lvl":"eror","msg":"failed to reconnect session","obj":"tunnels.session","t":"2026-05-25T13:32:12.476888+05:30"}
{"err":"failed to dial ngrok server with address \"connect.ngrok-agent.com:443\": dial tcp: lookup connect.ngrok-agent.com: no such host","lvl":"eror","msg":"failed to reconnect session","obj":"tunnels.session","t":"2026-05-25T13:32:42.4803359+05:30"}
{"err":"failed to dial ngrok server with address \"connect.ngrok-agent.com:443\": dial tcp: lookup connect.ngrok-agent.com: no such host","lvl":"eror","msg":"failed to reconnect session","obj":"tunnels.session","t":"2026-05-25T13:33:12.4868224+05:30"}
{"err":"failed to dial ngrok server with address \"connect.ngrok-agent.com:443\": dial tcp: lookup connect.ngrok-agent.com: no such host","lvl":"eror","msg":"failed to reconnect session","obj":"tunnels.session","t":"2026-05-25T13:33:42.4909328+05:30"}
{"err":"failed to dial ngrok server with address \"connect.ngrok-agent.com:443\": dial tcp: lookup connect.ngrok-agent.com: no such host","lvl":"eror","msg":"failed to reconnect session","obj":"tunnels.session","t":"2026-05-25T13:34:12.4946871+05:30"}
{"err":"failed to dial ngrok server with address \"connect.ngrok-agent.com:443\": dial tcp: lookup connect.ngrok-agent.com: no such host","lvl":"eror","msg":"failed to reconnect session","obj":"tunnels.session","t":"2026-05-25T13:34:42.4980118+05:30"}
{"err":"failed to dial ngrok server with address \"connect.ngrok-agent.com:443\": dial tcp: lookup connect.ngrok-agent.com: no such host","lvl":"eror","msg":"failed to reconnect session","obj":"tunnels.session","t":"2026-05-25T13:35:12.50952+05:30"}
{"err":"failed to dial ngrok server with address \"connect.ngrok-agent.com:443\": dial tcp: lookup connect.ngrok-agent.com: no such host","lvl":"eror","msg":"failed to reconnect session","obj":"tunnels.session","t":"2026-05-25T13:35:42.5188365+05:30"}
{"err":"failed to dial ngrok server with address \"connect.ngrok-agent.com:443\": dial tcp: lookup connect.ngrok-agent.com: no such host","lvl":"eror","msg":"failed to reconnect session","obj":"tunnels.session","t":"2026-05-25T13:36:12.5236582+05:30"}
{"err":"failed to dial ngrok server with address \"connect.ngrok-agent.com:443\": dial tcp: lookup connect.ngrok-agent.com: no such host","lvl":"eror","msg":"failed to reconnect session","obj":"tunnels.session","t":"2026-05-25T13:36:42.5271651+05:30"}
{"err":"failed to dial ngrok server with address \"connect.ngrok-agent.com:443\": dial tcp: lookup connect.ngrok-agent.com: no such host","lvl":"eror","msg":"failed to reconnect session","obj":"tunnels.session","t":"2026-05-25T13:37:12.5338963+05:30"}
{"err":"failed to dial ngrok server with address \"connect.ngrok-agent.com:443\": dial tcp: lookup connect.ngrok-agent.com: no such host","lvl":"eror","msg":"failed to reconnect session","obj":"tunnels.session","t":"2026-05-25T13:37:42.541465+05:30"}
{"err":"failed to dial ngrok server with address \"connect.ngrok-agent.com:443\": dial tcp: lookup connect.ngrok-agent.com: no such host","lvl":"eror","msg":"failed to reconnect session","obj":"tunnels.session","t":"2026-05-25T13:38:12.5478058+05:30"}
{"err":"failed to dial ngrok server with address \"connect.ngrok-agent.com:443\": dial tcp: lookup connect.ngrok-agent.com: no such host","lvl":"eror","msg":"failed to reconnect session","obj":"tunnels.session","t":"2026-05-25T13:38:42.5539292+05:30"}
{"err":"failed to dial ngrok server with address \"connect.ngrok-agent.com:443\": dial tcp: lookup connect.ngrok-agent.com: no such host","lvl":"eror","msg":"failed to reconnect session","obj":"tunnels.session","t":"2026-05-25T13:39:12.5589522+05:30"}
{"err":"failed to dial ngrok server with address \"connect.ngrok-agent.com:443\": dial tcp: lookup connect.ngrok-agent.com: no such host","lvl":"eror","msg":"failed to reconnect session","obj":"tunnels.session","t":"2026-05-25T13:39:42.5662412+05:30"}
{"err":"failed to dial ngrok server with address \"connect.ngrok-agent.com:443\": dial tcp: lookup connect.ngrok-agent.com: no such host","lvl":"eror","msg":"failed to reconnect session","obj":"tunnels.session","t":"2026-05-25T13:40:12.5711227+05:30"}
{"err":"failed to dial ngrok server with address \"connect.ngrok-agent.com:443\": dial tcp: lookup connect.ngrok-agent.com: no such host","lvl":"eror","msg":"failed to reconnect session","obj":"tunnels.session","t":"2026-05-25T13:40:42.5746874+05:30"}
{"err":"failed to dial ngrok server with address \"connect.ngrok-agent.com:443\": dial tcp: lookup connect.ngrok-agent.com: no such host","lvl":"eror","msg":"failed to reconnect session","obj":"tunnels.session","t":"2026-05-25T13:41:12.5783506+05:30"}
{"err":"failed to dial ngrok server with address \"connect.ngrok-agent.com:443\": dial tcp: lookup connect.ngrok-agent.com: no such host","lvl":"eror","msg":"failed to reconnect session","obj":"tunnels.session","t":"2026-05-25T13:41:42.5817352+05:30"}
{"err":"failed to dial ngrok server with address \"connect.ngrok-agent.com:443\": dial tcp: lookup connect.ngrok-agent.com: no such host","lvl":"eror","msg":"failed to reconnect session","obj":"tunnels.session","t":"2026-05-25T13:42:12.5850226+05:30"}
{"err":"failed to dial ngrok server with address \"connect.ngrok-agent.com:443\": dial tcp: lookup connect.ngrok-agent.com: no such host","lvl":"eror","msg":"failed to reconnect session","obj":"tunnels.session","t":"2026-05-25T13:42:42.588677+05:30"}
{"err":"failed to dial ngrok server with address \"connect.ngrok-agent.com:443\": dial tcp: lookup connect.ngrok-agent.com: no such host","lvl":"eror","msg":"failed to reconnect session","obj":"tunnels.session","t":"2026-05-25T13:43:12.5934125+05:30"}
{"err":"failed to dial ngrok server with address \"connect.ngrok-agent.com:443\": dial tcp: lookup connect.ngrok-agent.com: no such host","lvl":"eror","msg":"failed to reconnect session","obj":"tunnels.session","t":"2026-05-25T13:43:42.5967004+05:30"}
{"err":"failed to dial ngrok server with address \"connect.ngrok-agent.com:443\": dial tcp: lookup connect.ngrok-agent.com: no such host","lvl":"eror","msg":"failed to reconnect session","obj":"tunnels.session","t":"2026-05-25T13:44:12.5994825+05:30"}
{"err":"failed to dial ngrok server with address \"connect.ngrok-agent.com:443\": dial tcp: lookup connect.ngrok-agent.com: no such host","lvl":"eror","msg":"failed to reconnect session","obj":"tunnels.session","t":"2026-05-25T13:44:42.6030154+05:30"}
{"err":"failed to dial ngrok server with address \"connect.ngrok-agent.com:443\": dial tcp: lookup connect.ngrok-agent.com: no such host","lvl":"eror","msg":"failed to reconnect session","obj":"tunnels.session","t":"2026-05-25T13:45:12.6089859+05:30"}
{"err":"failed to dial ngrok server with address \"connect.ngrok-agent.com:443\": dial tcp: lookup connect.ngrok-agent.com: no such host","lvl":"eror","msg":"failed to reconnect session","obj":"tunnels.session","t":"2026-05-25T13:45:42.6125525+05:30"}
{"err":"failed to dial ngrok server with address \"connect.ngrok-agent.com:443\": dial tcp: lookup connect.ngrok-agent.com: no such host","lvl":"eror","msg":"failed to reconnect session","obj":"tunnels.session","t":"2026-05-25T13:46:12.6162391+05:30"}
{"err":"failed to dial ngrok server with address \"connect.ngrok-agent.com:443\": dial tcp: lookup connect.ngrok-agent.com: no such host","lvl":"eror","msg":"failed to reconnect session","obj":"tunnels.session","t":"2026-05-25T13:46:42.6210156+05:30"}
{"err":"failed to dial ngrok server with address \"connect.ngrok-agent.com:443\": dial tcp: lookup connect.ngrok-agent.com: no such host","lvl":"eror","msg":"failed to reconnect session","obj":"tunnels.session","t":"2026-05-25T13:47:12.6243311+05:30"}
{"err":"failed to dial ngrok server with address \"connect.ngrok-agent.com:443\": dial tcp: lookup connect.ngrok-agent.com: no such host","lvl":"eror","msg":"failed to reconnect session","obj":"tunnels.session","t":"2026-05-25T13:47:42.6285891+05:30"}
{"err":"failed to dial ngrok server with address \"connect.ngrok-agent.com:443\": dial tcp: lookup connect.ngrok-agent.com: no such host","lvl":"eror","msg":"failed to reconnect session","obj":"tunnels.session","t":"2026-05-25T13:48:12.631427+05:30"}
{"err":"failed to dial ngrok server with address \"connect.ngrok-agent.com:443\": dial tcp: lookup connect.ngrok-agent.com: no such host","lvl":"eror","msg":"failed to reconnect session","obj":"tunnels.session","t":"2026-05-25T13:48:42.6389217+05:30"}
{"err":"failed to dial ngrok server with address \"connect.ngrok-agent.com:443\": dial tcp: lookup connect.ngrok-agent.com: no such host","lvl":"eror","msg":"failed to reconnect session","obj":"tunnels.session","t":"2026-05-25T13:49:12.6418779+05:30"}
{"err":"failed to dial ngrok server with address \"connect.ngrok-agent.com:443\": dial tcp: lookup connect.ngrok-agent.com: no such host","lvl":"eror","msg":"failed to reconnect session","obj":"tunnels.session","t":"2026-05-25T13:49:42.649627+05:30"}
{"err":"failed to dial ngrok server with address \"connect.ngrok-agent.com:443\": dial tcp: lookup connect.ngrok-agent.com: no such host","lvl":"eror","msg":"failed to reconnect session","obj":"tunnels.session","t":"2026-05-25T13:50:12.6541637+05:30"}
{"err":"failed to dial ngrok server with address \"connect.ngrok-agent.com:443\": dial tcp: lookup connect.ngrok-agent.com: no such host","lvl":"eror","msg":"failed to reconnect session","obj":"tunnels.session","t":"2026-05-25T13:50:42.6583361+05:30"}
{"err":"failed to dial ngrok server with address \"connect.ngrok-agent.com:443\": dial tcp: lookup connect.ngrok-agent.com: no such host","lvl":"eror","msg":"failed to reconnect session","obj":"tunnels.session","t":"2026-05-25T13:51:12.6646883+05:30"}
{"err":"failed to dial ngrok server with address \"connect.ngrok-agent.com:443\": dial tcp: lookup connect.ngrok-agent.com: no such host","lvl":"eror","msg":"failed to reconnect session","obj":"tunnels.session","t":"2026-05-25T13:51:42.6688634+05:30"}
{"err":"failed to dial ngrok server with address \"connect.ngrok-agent.com:443\": dial tcp: lookup connect.ngrok-agent.com: no such host","lvl":"eror","msg":"failed to reconnect session","obj":"tunnels.session","t":"2026-05-25T13:52:12.6722136+05:30"}
{"err":"failed to dial ngrok server with address \"connect.ngrok-agent.com:443\": dial tcp: lookup connect.ngrok-agent.com: no such host","lvl":"eror","msg":"failed to reconnect session","obj":"tunnels.session","t":"2026-05-25T13:52:42.6751096+05:30"}
{"err":"failed to dial ngrok server with address \"connect.ngrok-agent.com:443\": dial tcp: lookup connect.ngrok-agent.com: no such host","lvl":"eror","msg":"failed to reconnect session","obj":"tunnels.session","t":"2026-05-25T13:53:12.678519+05:30"}
{"err":"failed to dial ngrok server with address \"connect.ngrok-agent.com:443\": dial tcp: lookup connect.ngrok-agent.com: no such host","lvl":"eror","msg":"failed to reconnect session","obj":"tunnels.session","t":"2026-05-25T13:53:42.6852251+05:30"}
{"err":"failed to dial ngrok server with address \"connect.ngrok-agent.com:443\": dial tcp: lookup connect.ngrok-agent.com: no such host","lvl":"eror","msg":"failed to reconnect session","obj":"tunnels.session","t":"2026-05-25T13:54:12.6908366+05:30"}
{"err":"failed to dial ngrok server with address \"connect.ngrok-agent.com:443\": dial tcp: lookup connect.ngrok-agent.com: no such host","lvl":"eror","msg":"failed to reconnect session","obj":"tunnels.session","t":"2026-05-25T13:54:42.6952294+05:30"}
{"err":"failed to dial ngrok server with address \"connect.ngrok-agent.com:443\": dial tcp: lookup connect.ngrok-agent.com: no such host","lvl":"eror","msg":"failed to reconnect session","obj":"tunnels.session","t":"2026-05-25T13:55:12.7014076+05:30"}
{"err":"failed to dial ngrok server with address \"connect.ngrok-agent.com:443\": dial tcp: lookup connect.ngrok-agent.com: no such host","lvl":"eror","msg":"failed to reconnect session","obj":"tunnels.session","t":"2026-05-25T13:55:42.7110374+05:30"}
{"err":"failed to dial ngrok server with address \"connect.ngrok-agent.com:443\": dial tcp: lookup connect.ngrok-agent.com: no such host","lvl":"eror","msg":"failed to reconnect session","obj":"tunnels.session","t":"2026-05-25T13:56:12.7178404+05:30"}
{"err":"failed to dial ngrok server with address \"connect.ngrok-agent.com:443\": dial tcp: lookup connect.ngrok-agent.com: no such host","lvl":"eror","msg":"failed to reconnect session","obj":"tunnels.session","t":"2026-05-25T13:56:42.7277674+05:30"}
{"err":"failed to dial ngrok server with address \"connect.ngrok-agent.com:443\": dial tcp: lookup connect.ngrok-agent.com: no such host","lvl":"eror","msg":"failed to reconnect session","obj":"tunnels.session","t":"2026-05-25T13:57:12.7315834+05:30"}
{"err":"failed to dial ngrok server with address \"connect.ngrok-agent.com:443\": dial tcp: lookup connect.ngrok-agent.com: no such host","lvl":"eror","msg":"failed to reconnect session","obj":"tunnels.session","t":"2026-05-25T13:57:42.7356117+05:30"}
{"err":"failed to dial ngrok server with address \"connect.ngrok-agent.com:443\": dial tcp: lookup connect.ngrok-agent.com: no such host","lvl":"eror","msg":"failed to reconnect session","obj":"tunnels.session","t":"2026-05-25T13:58:12.7420913+05:30"}
{"err":"failed to dial ngrok server with address \"connect.ngrok-agent.com:443\": dial tcp: lookup connect.ngrok-agent.com: no such host","lvl":"eror","msg":"failed to reconnect session","obj":"tunnels.session","t":"2026-05-25T13:58:42.7488984+05:30"}
{"err":"failed to dial ngrok server with address \"connect.ngrok-agent.com:443\": dial tcp: lookup connect.ngrok-agent.com: no such host","lvl":"eror","msg":"failed to reconnect session","obj":"tunnels.session","t":"2026-05-25T13:59:12.7529929+05:30"}
{"err":"failed to dial ngrok server with address \"connect.ngrok-agent.com:443\": dial tcp: lookup connect.ngrok-agent.com: no such host","lvl":"eror","msg":"failed to reconnect session","obj":"tunnels.session","t":"2026-05-25T13:59:42.7563731+05:30"}
{"err":"failed to dial ngrok server with address \"connect.ngrok-agent.com:443\": dial tcp: lookup connect.ngrok-agent.com: no such host","lvl":"eror","msg":"failed to reconnect session","obj":"tunnels.session","t":"2026-05-25T14:00:12.7638345+05:30"}
{"err":"failed to dial ngrok server with address \"connect.ngrok-agent.com:443\": dial tcp: lookup connect.ngrok-agent.com: no such host","lvl":"eror","msg":"failed to reconnect session","obj":"tunnels.session","t":"2026-05-25T14:00:42.76783+05:30"}
{"err":"failed to dial ngrok server with address \"connect.ngrok-agent.com:443\": dial tcp: lookup connect.ngrok-agent.com: no such host","lvl":"eror","msg":"failed to reconnect session","obj":"tunnels.session","t":"2026-05-25T14:01:12.7713591+05:30"}
{"err":"failed to dial ngrok server with address \"connect.ngrok-agent.com:443\": dial tcp: lookup connect.ngrok-agent.com: no such host","lvl":"eror","msg":"failed to reconnect session","obj":"tunnels.session","t":"2026-05-25T14:01:42.7755458+05:30"}
{"err":"failed to dial ngrok server with address \"connect.ngrok-agent.com:443\": dial tcp: lookup connect.ngrok-agent.com: no such host","lvl":"eror","msg":"failed to reconnect session","obj":"tunnels.session","t":"2026-05-25T14:02:12.7789009+05:30"}
{"err":"failed to dial ngrok server with address \"connect.ngrok-agent.com:443\": dial tcp: lookup connect.ngrok-agent.com: no such host","lvl":"eror","msg":"failed to reconnect session","obj":"tunnels.session","t":"2026-05-25T14:02:42.782497+05:30"}
{"err":"failed to dial ngrok server with address \"connect.ngrok-agent.com:443\": dial tcp: lookup connect.ngrok-agent.com: no such host","lvl":"eror","msg":"failed to reconnect session","obj":"tunnels.session","t":"2026-05-25T14:03:12.7865423+05:30"}
{"err":"failed to dial ngrok server with address \"connect.ngrok-agent.com:443\": dial tcp: lookup connect.ngrok-agent.com: no such host","lvl":"eror","msg":"failed to reconnect session","obj":"tunnels.session","t":"2026-05-25T14:03:42.7907922+05:30"}
{"err":"failed to dial ngrok server with address \"connect.ngrok-agent.com:443\": dial tcp: lookup connect.ngrok-agent.com: no such host","lvl":"eror","msg":"failed to reconnect session","obj":"tunnels.session","t":"2026-05-25T14:04:12.7994711+05:30"}
{"err":"failed to dial ngrok server with address \"connect.ngrok-agent.com:443\": dial tcp: lookup connect.ngrok-agent.com: no such host","lvl":"eror","msg":"failed to reconnect session","obj":"tunnels.session","t":"2026-05-25T14:04:42.8063008+05:30"}
{"err":"failed to dial ngrok server with address \"connect.ngrok-agent.com:443\": dial tcp: lookup connect.ngrok-agent.com: no such host","lvl":"eror","msg":"failed to reconnect session","obj":"tunnels.session","t":"2026-05-25T14:05:12.8131527+05:30"}
{"err":"failed to dial ngrok server with address \"connect.ngrok-agent.com:443\": dial tcp: lookup connect.ngrok-agent.com: no such host","lvl":"eror","msg":"failed to reconnect session","obj":"tunnels.session","t":"2026-05-25T14:05:42.8202252+05:30"}
{"err":"failed to dial ngrok server with address \"connect.ngrok-agent.com:443\": dial tcp: lookup connect.ngrok-agent.com: no such host","lvl":"eror","msg":"failed to reconnect session","obj":"tunnels.session","t":"2026-05-25T14:06:12.8255646+05:30"}
{"err":"failed to dial ngrok server with address \"connect.ngrok-agent.com:443\": dial tcp: lookup connect.ngrok-agent.com: no such host","lvl":"eror","msg":"failed to reconnect session","obj":"tunnels.session","t":"2026-05-25T14:06:42.8324984+05:30"}
{"err":"failed to dial ngrok server with address \"connect.ngrok-agent.com:443\": dial tcp: lookup connect.ngrok-agent.com: no such host","lvl":"eror","msg":"failed to reconnect session","obj":"tunnels.session","t":"2026-05-25T14:07:12.8388394+05:30"}
{"err":"failed to dial ngrok server with address \"connect.ngrok-agent.com:443\": dial tcp: lookup connect.ngrok-agent.com: no such host","lvl":"eror","msg":"failed to reconnect session","obj":"tunnels.session","t":"2026-05-25T14:07:42.8459742+05:30"}
{"err":"failed to dial ngrok server with address \"connect.ngrok-agent.com:443\": dial tcp: lookup connect.ngrok-agent.com: no such host","lvl":"eror","msg":"failed to reconnect session","obj":"tunnels.session","t":"2026-05-25T14:08:12.8529843+05:30"}
{"err":"failed to dial ngrok server with address \"connect.ngrok-agent.com:443\": dial tcp: lookup connect.ngrok-agent.com: no such host","lvl":"eror","msg":"failed to reconnect session","obj":"tunnels.session","t":"2026-05-25T14:08:42.8591775+05:30"}
{"err":"failed to dial ngrok server with address \"connect.ngrok-agent.com:443\": dial tcp: lookup connect.ngrok-agent.com: no such host","lvl":"eror","msg":"failed to reconnect session","obj":"tunnels.session","t":"2026-05-25T14:09:12.8658459+05:30"}
{"err":"failed to dial ngrok server with address \"connect.ngrok-agent.com:443\": dial tcp: lookup connect.ngrok-agent.com: no such host","lvl":"eror","msg":"failed to reconnect session","obj":"tunnels.session","t":"2026-05-25T14:09:42.8792785+05:30"}
{"err":"failed to dial ngrok server with address \"connect.ngrok-agent.com:443\": dial tcp: lookup connect.ngrok-agent.com: no such host","lvl":"eror","msg":"failed to reconnect session","obj":"tunnels.session","t":"2026-05-25T14:10:12.8867791+05:30"}
{"err":"failed to dial ngrok server with address \"connect.ngrok-agent.com:443\": dial tcp: lookup connect.ngrok-agent.com: no such host","lvl":"eror","msg":"failed to reconnect session","obj":"tunnels.session","t":"2026-05-25T14:10:42.8933011+05:30"}
{"err":"failed to dial ngrok server with address \"connect.ngrok-agent.com:443\": dial tcp: lookup connect.ngrok-agent.com: no such host","lvl":"eror","msg":"failed to reconnect session","obj":"tunnels.session","t":"2026-05-25T14:11:12.8993698+05:30"}
{"err":"failed to dial ngrok server with address \"connect.ngrok-agent.com:443\": dial tcp: lookup connect.ngrok-agent.com: no such host","lvl":"eror","msg":"failed to reconnect session","obj":"tunnels.session","t":"2026-05-25T14:11:42.9063983+05:30"}
{"err":"failed to dial ngrok server with address \"connect.ngrok-agent.com:443\": dial tcp: lookup connect.ngrok-agent.com: no such host","lvl":"eror","msg":"failed to reconnect session","obj":"tunnels.session","t":"2026-05-25T14:12:12.9128946+05:30"}
{"err":"failed to dial ngrok server with address \"connect.ngrok-agent.com:443\": dial tcp: lookup connect.ngrok-agent.com: no such host","lvl":"eror","msg":"failed to reconnect session","obj":"tunnels.session","t":"2026-05-25T14:12:42.925516+05:30"}
{"err":"failed to dial ngrok server with address \"connect.ngrok-agent.com:443\": dial tcp: lookup connect.ngrok-agent.com: no such host","lvl":"eror","msg":"failed to reconnect session","obj":"tunnels.session","t":"2026-05-25T14:13:12.9316315+05:30"}
{"err":"failed to dial ngrok server with address \"connect.ngrok-agent.com:443\": dial tcp: lookup connect.ngrok-agent.com: no such host","lvl":"eror","msg":"failed to reconnect session","obj":"tunnels.session","t":"2026-05-25T14:13:42.9453943+05:30"}
{"err":"failed to dial ngrok server with address \"connect.ngrok-agent.com:443\": dial tcp: lookup connect.ngrok-agent.com: no such host","lvl":"eror","msg":"failed to reconnect session","obj":"tunnels.session","t":"2026-05-25T14:14:12.9527478+05:30"}
{"err":"failed to dial ngrok server with address \"connect.ngrok-agent.com:443\": dial tcp: lookup connect.ngrok-agent.com: no such host","lvl":"eror","msg":"failed to reconnect session","obj":"tunnels.session","t":"2026-05-25T14:14:42.9592915+05:30"}
{"err":"failed to dial ngrok server with address \"connect.ngrok-agent.com:443\": dial tcp: lookup connect.ngrok-agent.com: no such host","lvl":"eror","msg":"failed to reconnect session","obj":"tunnels.session","t":"2026-05-25T14:15:12.9673342+05:30"}
{"err":"failed to dial ngrok server with address \"connect.ngrok-agent.com:443\": dial tcp: lookup connect.ngrok-agent.com: no such host","lvl":"eror","msg":"failed to reconnect session","obj":"tunnels.session","t":"2026-05-25T14:15:42.9748245+05:30"}
{"err":"failed to dial ngrok server with address \"connect.ngrok-agent.com:443\": dial tcp: lookup connect.ngrok-agent.com: no such host","lvl":"eror","msg":"failed to reconnect session","obj":"tunnels.session","t":"2026-05-25T14:16:12.9814239+05:30"}
{"err":"failed to dial ngrok server with address \"connect.ngrok-agent.com:443\": dial tcp: lookup connect.ngrok-agent.com: no such host","lvl":"eror","msg":"failed to reconnect session","obj":"tunnels.session","t":"2026-05-25T14:16:42.9876819+05:30"}
{"err":"failed to dial ngrok server with address \"connect.ngrok-agent.com:443\": dial tcp: lookup connect.ngrok-agent.com: no such host","lvl":"eror","msg":"failed to reconnect session","obj":"tunnels.session","t":"2026-05-25T14:17:13.0035404+05:30"}
{"err":"failed to dial ngrok server with address \"connect.ngrok-agent.com:443\": dial tcp: lookup connect.ngrok-agent.com: no such host","lvl":"eror","msg":"failed to reconnect session","obj":"tunnels.session","t":"2026-05-25T14:17:43.010344+05:30"}
{"err":"failed to dial ngrok server with address \"connect.ngrok-agent.com:443\": dial tcp: lookup connect.ngrok-agent.com: no such host","lvl":"eror","msg":"failed to reconnect session","obj":"tunnels.session","t":"2026-05-25T14:18:13.0229569+05:30"}
{"err":"failed to dial ngrok server with address \"connect.ngrok-agent.com:443\": dial tcp: lookup connect.ngrok-agent.com: no such host","lvl":"eror","msg":"failed to reconnect session","obj":"tunnels.session","t":"2026-05-25T14:18:43.0303764+05:30"}
{"err":"failed to dial ngrok server with address \"connect.ngrok-agent.com:443\": dial tcp: lookup connect.ngrok-agent.com: no such host","lvl":"eror","msg":"failed to reconnect session","obj":"tunnels.session","t":"2026-05-25T14:19:13.0362901+05:30"}
{"err":"failed to dial ngrok server with address \"connect.ngrok-agent.com:443\": dial tcp: lookup connect.ngrok-agent.com: no such host","lvl":"eror","msg":"failed to reconnect session","obj":"tunnels.session","t":"2026-05-25T14:19:43.0491249+05:30"}
{"err":"failed to dial ngrok server with address \"connect.ngrok-agent.com:443\": dial tcp: lookup connect.ngrok-agent.com: no such host","lvl":"eror","msg":"failed to reconnect session","obj":"tunnels.session","t":"2026-05-25T14:20:13.0564159+05:30"}
{"err":"failed to dial ngrok server with address \"connect.ngrok-agent.com:443\": dial tcp: lookup connect.ngrok-agent.com: no such host","lvl":"eror","msg":"failed to reconnect session","obj":"tunnels.session","t":"2026-05-25T14:20:43.06951+05:30"}
{"err":"failed to dial ngrok server with address \"connect.ngrok-agent.com:443\": dial tcp: lookup connect.ngrok-agent.com: no such host","lvl":"eror","msg":"failed to reconnect session","obj":"tunnels.session","t":"2026-05-25T14:21:13.0761668+05:30"}
{"err":"failed to dial ngrok server with address \"connect.ngrok-agent.com:443\": dial tcp: lookup connect.ngrok-agent.com: no such host","lvl":"eror","msg":"failed to reconnect session","obj":"tunnels.session","t":"2026-05-25T14:21:43.0805879+05:30"}
{"err":"failed to dial ngrok server with address \"connect.ngrok-agent.com:443\": dial tcp: lookup connect.ngrok-agent.com: no such host","lvl":"eror","msg":"failed to reconnect session","obj":"tunnels.session","t":"2026-05-25T14:22:13.0871121+05:30"}
{"err":"failed to dial ngrok server with address \"connect.ngrok-agent.com:443\": dial tcp: lookup connect.ngrok-agent.com: no such host","lvl":"eror","msg":"failed to reconnect session","obj":"tunnels.session","t":"2026-05-25T14:22:43.0939196+05:30"}
{"err":"failed to dial ngrok server with address \"connect.ngrok-agent.com:443\": dial tcp: lookup connect.ngrok-agent.com: no such host","lvl":"eror","msg":"failed to reconnect session","obj":"tunnels.session","t":"2026-05-25T14:23:13.1024708+05:30"}
{"err":"failed to dial ngrok server with address \"connect.ngrok-agent.com:443\": dial tcp: lookup connect.ngrok-agent.com: no such host","lvl":"eror","msg":"failed to reconnect session","obj":"tunnels.session","t":"2026-05-25T14:23:43.1089276+05:30"}
{"err":"failed to dial ngrok server with address \"connect.ngrok-agent.com:443\": dial tcp: lookup connect.ngrok-agent.com: no such host","lvl":"eror","msg":"failed to reconnect session","obj":"tunnels.session","t":"2026-05-25T14:24:13.1217822+05:30"}
{"err":"failed to dial ngrok server with address \"connect.ngrok-agent.com:443\": dial tcp: lookup connect.ngrok-agent.com: no such host","lvl":"eror","msg":"failed to reconnect session","obj":"tunnels.session","t":"2026-05-25T14:24:43.1284896+05:30"}
{"err":"failed to dial ngrok server with address \"connect.ngrok-agent.com:443\": dial tcp: lookup connect.ngrok-agent.com: no such host","lvl":"eror","msg":"failed to reconnect session","obj":"tunnels.session","t":"2026-05-25T14:25:13.1347602+05:30"}
{"err":"failed to dial ngrok server with address \"connect.ngrok-agent.com:443\": dial tcp: lookup connect.ngrok-agent.com: no such host","lvl":"eror","msg":"failed to reconnect session","obj":"tunnels.session","t":"2026-05-25T14:25:43.1418614+05:30"}
{"err":"failed to dial ngrok server with address \"connect.ngrok-agent.com:443\": dial tcp: lookup connect.ngrok-agent.com: no such host","lvl":"eror","msg":"failed to reconnect session","obj":"tunnels.session","t":"2026-05-25T14:26:13.1487718+05:30"}
{"err":"failed to dial ngrok server with address \"connect.ngrok-agent.com:443\": dial tcp: lookup connect.ngrok-agent.com: no such host","lvl":"eror","msg":"failed to reconnect session","obj":"tunnels.session","t":"2026-05-25T14:26:43.1554681+05:30"}
{"err":"failed to dial ngrok server with address \"connect.ngrok-agent.com:443\": dial tcp: lookup connect.ngrok-agent.com: no such host","lvl":"eror","msg":"failed to reconnect session","obj":"tunnels.session","t":"2026-05-25T14:27:13.1591145+05:30"}
{"err":"failed to dial ngrok server with address \"connect.ngrok-agent.com:443\": dial tcp: lookup connect.ngrok-agent.com: no such host","lvl":"eror","msg":"failed to reconnect session","obj":"tunnels.session","t":"2026-05-25T14:27:43.1654725+05:30"}
{"err":"failed to dial ngrok server with address \"connect.ngrok-agent.com:443\": dial tcp: lookup connect.ngrok-agent.com: no such host","lvl":"eror","msg":"failed to reconnect session","obj":"tunnels.session","t":"2026-05-25T14:28:13.1737722+05:30"}
{"err":"failed to dial ngrok server with address \"connect.ngrok-agent.com:443\": dial tcp: lookup connect.ngrok-agent.com: no such host","lvl":"eror","msg":"failed to reconnect session","obj":"tunnels.session","t":"2026-05-25T14:28:43.1803392+05:30"}
{"err":"failed to dial ngrok server with address \"connect.ngrok-agent.com:443\": dial tcp: lookup connect.ngrok-agent.com: no such host","lvl":"eror","msg":"failed to reconnect session","obj":"tunnels.session","t":"2026-05-25T14:29:13.1875947+05:30"}
{"err":"failed to dial ngrok server with address \"connect.ngrok-agent.com:443\": dial tcp: lookup connect.ngrok-agent.com: no such host","lvl":"eror","msg":"failed to reconnect session","obj":"tunnels.session","t":"2026-05-25T14:29:43.1946971+05:30"}
{"err":"failed to dial ngrok server with address \"connect.ngrok-agent.com:443\": dial tcp: lookup connect.ngrok-agent.com: no such host","lvl":"eror","msg":"failed to reconnect session","obj":"tunnels.session","t":"2026-05-25T14:30:13.2021246+05:30"}
{"err":"failed to dial ngrok server with address \"connect.ngrok-agent.com:443\": dial tcp: lookup connect.ngrok-agent.com: no such host","lvl":"eror","msg":"failed to reconnect session","obj":"tunnels.session","t":"2026-05-25T14:30:43.2084503+05:30"}
{"err":"failed to dial ngrok server with address \"connect.ngrok-agent.com:443\": dial tcp: lookup connect.ngrok-agent.com: no such host","lvl":"eror","msg":"failed to reconnect session","obj":"tunnels.session","t":"2026-05-25T14:31:13.2219496+05:30"}
{"err":"failed to dial ngrok server with address \"connect.ngrok-agent.com:443\": dial tcp: lookup connect.ngrok-agent.com: no such host","lvl":"eror","msg":"failed to reconnect session","obj":"tunnels.session","t":"2026-05-25T14:31:43.2300361+05:30"}
{"err":"failed to dial ngrok server with address \"connect.ngrok-agent.com:443\": dial tcp: lookup connect.ngrok-agent.com: no such host","lvl":"eror","msg":"failed to reconnect session","obj":"tunnels.session","t":"2026-05-25T14:32:13.2367105+05:30"}
{"err":"failed to dial ngrok server with address \"connect.ngrok-agent.com:443\": dial tcp: lookup connect.ngrok-agent.com: no such host","lvl":"eror","msg":"failed to reconnect session","obj":"tunnels.session","t":"2026-05-25T14:32:43.243075+05:30"}
{"err":"failed to dial ngrok server with address \"connect.ngrok-agent.com:443\": dial tcp: lookup connect.ngrok-agent.com: no such host","lvl":"eror","msg":"failed to reconnect session","obj":"tunnels.session","t":"2026-05-25T14:33:13.2507252+05:30"}
{"err":"failed to dial ngrok server with address \"connect.ngrok-agent.com:443\": dial tcp: lookup connect.ngrok-agent.com: no such host","lvl":"eror","msg":"failed to reconnect session","obj":"tunnels.session","t":"2026-05-25T14:33:43.2569693+05:30"}
{"err":"failed to dial ngrok server with address \"connect.ngrok-agent.com:443\": dial tcp: lookup connect.ngrok-agent.com: no such host","lvl":"eror","msg":"failed to reconnect session","obj":"tunnels.session","t":"2026-05-25T14:34:13.2643148+05:30"}
{"err":"failed to dial ngrok server with address \"connect.ngrok-agent.com:443\": dial tcp: lookup connect.ngrok-agent.com: no such host","lvl":"eror","msg":"failed to reconnect session","obj":"tunnels.session","t":"2026-05-25T14:34:43.2758365+05:30"}
{"err":"failed to dial ngrok server with address \"connect.ngrok-agent.com:443\": dial tcp: lookup connect.ngrok-agent.com: no such host","lvl":"eror","msg":"failed to reconnect session","obj":"tunnels.session","t":"2026-05-25T14:35:13.2801818+05:30"}
{"err":"failed to dial ngrok server with address \"connect.ngrok-agent.com:443\": dial tcp: lookup connect.ngrok-agent.com: no such host","lvl":"eror","msg":"failed to reconnect session","obj":"tunnels.session","t":"2026-05-25T14:35:43.2867742+05:30"}
{"err":"failed to dial ngrok server with address \"connect.ngrok-agent.com:443\": dial tcp: lookup connect.ngrok-agent.com: no such host","lvl":"eror","msg":"failed to reconnect session","obj":"tunnels.session","t":"2026-05-25T14:36:13.2934481+05:30"}
{"err":"failed to dial ngrok server with address \"connect.ngrok-agent.com:443\": dial tcp: lookup connect.ngrok-agent.com: no such host","lvl":"eror","msg":"failed to reconnect session","obj":"tunnels.session","t":"2026-05-25T14:36:43.3002406+05:30"}
{"err":"failed to dial ngrok server with address \"connect.ngrok-agent.com:443\": dial tcp: lookup connect.ngrok-agent.com: no such host","lvl":"eror","msg":"failed to reconnect session","obj":"tunnels.session","t":"2026-05-25T14:37:13.3067421+05:30"}
{"err":"failed to dial ngrok server with address \"connect.ngrok-agent.com:443\": dial tcp: lookup connect.ngrok-agent.com: no such host","lvl":"eror","msg":"failed to reconnect session","obj":"tunnels.session","t":"2026-05-25T14:37:43.3112154+05:30"}
{"err":"failed to dial ngrok server with address \"connect.ngrok-agent.com:443\": dial tcp: lookup connect.ngrok-agent.com: no such host","lvl":"eror","msg":"failed to reconnect session","obj":"tunnels.session","t":"2026-05-25T14:38:13.3177308+05:30"}
{"err":"failed to dial ngrok server with address \"connect.ngrok-agent.com:443\": dial tcp: lookup connect.ngrok-agent.com: no such host","lvl":"eror","msg":"failed to reconnect session","obj":"tunnels.session","t":"2026-05-25T14:38:43.3252075+05:30"}
{"err":"failed to dial ngrok server with address \"connect.ngrok-agent.com:443\": dial tcp: lookup connect.ngrok-agent.com: no such host","lvl":"eror","msg":"failed to reconnect session","obj":"tunnels.session","t":"2026-05-25T14:39:13.3315253+05:30"}
{"err":"failed to dial ngrok server with address \"connect.ngrok-agent.com:443\": dial tcp: lookup connect.ngrok-agent.com: no such host","lvl":"eror","msg":"failed to reconnect session","obj":"tunnels.session","t":"2026-05-25T14:39:43.3388409+05:30"}
{"err":"failed to dial ngrok server with address \"connect.ngrok-agent.com:443\": dial tcp: lookup connect.ngrok-agent.com: no such host","lvl":"eror","msg":"failed to reconnect session","obj":"tunnels.session","t":"2026-05-25T14:40:13.3454243+05:30"}
{"err":"failed to dial ngrok server with address \"connect.ngrok-agent.com:443\": dial tcp: lookup connect.ngrok-agent.com: no such host","lvl":"eror","msg":"failed to reconnect session","obj":"tunnels.session","t":"2026-05-25T14:40:43.3551685+05:30"}
{"err":"failed to dial ngrok server with address \"connect.ngrok-agent.com:443\": dial tcp: lookup connect.ngrok-agent.com: no such host","lvl":"eror","msg":"failed to reconnect session","obj":"tunnels.session","t":"2026-05-25T14:41:13.3645132+05:30"}
{"err":"failed to dial ngrok server with address \"connect.ngrok-agent.com:443\": dial tcp: lookup connect.ngrok-agent.com: no such host","lvl":"eror","msg":"failed to reconnect session","obj":"tunnels.session","t":"2026-05-25T14:41:43.3714947+05:30"}
{"err":"failed to dial ngrok server with address \"connect.ngrok-agent.com:443\": dial tcp: lookup connect.ngrok-agent.com: no such host","lvl":"eror","msg":"failed to reconnect session","obj":"tunnels.session","t":"2026-05-25T14:42:13.3781885+05:30"}
{"err":"failed to dial ngrok server with address \"connect.ngrok-agent.com:443\": dial tcp: lookup connect.ngrok-agent.com: no such host","lvl":"eror","msg":"failed to reconnect session","obj":"tunnels.session","t":"2026-05-25T14:42:43.3890466+05:30"}
{"err":"failed to dial ngrok server with address \"connect.ngrok-agent.com:443\": dial tcp: lookup connect.ngrok-agent.com: no such host","lvl":"eror","msg":"failed to reconnect session","obj":"tunnels.session","t":"2026-05-25T14:43:13.3981927+05:30"}
{"err":"failed to dial ngrok server with address \"connect.ngrok-agent.com:443\": dial tcp: lookup connect.ngrok-agent.com: no such host","lvl":"eror","msg":"failed to reconnect session","obj":"tunnels.session","t":"2026-05-25T14:43:43.4021206+05:30"}
{"err":"failed to dial ngrok server with address \"connect.ngrok-agent.com:443\": dial tcp: lookup connect.ngrok-agent.com: no such host","lvl":"eror","msg":"failed to reconnect session","obj":"tunnels.session","t":"2026-05-25T14:44:13.4087746+05:30"}
{"err":"failed to dial ngrok server with address \"connect.ngrok-agent.com:443\": dial tcp: lookup connect.ngrok-agent.com: no such host","lvl":"eror","msg":"failed to reconnect session","obj":"tunnels.session","t":"2026-05-25T14:44:43.4197686+05:30"}
{"err":"failed to dial ngrok server with address \"connect.ngrok-agent.com:443\": dial tcp: lookup connect.ngrok-agent.com: no such host","lvl":"eror","msg":"failed to reconnect session","obj":"tunnels.session","t":"2026-05-25T14:45:13.4292248+05:30"}
{"err":"failed to dial ngrok server with address \"connect.ngrok-agent.com:443\": dial tcp: lookup connect.ngrok-agent.com: no such host","lvl":"eror","msg":"failed to reconnect session","obj":"tunnels.session","t":"2026-05-25T14:45:43.4357199+05:30"}
{"err":"failed to dial ngrok server with address \"connect.ngrok-agent.com:443\": dial tcp: lookup connect.ngrok-agent.com: no such host","lvl":"eror","msg":"failed to reconnect session","obj":"tunnels.session","t":"2026-05-25T14:46:13.4483684+05:30"}
{"err":"failed to dial ngrok server with address \"connect.ngrok-agent.com:443\": dial tcp: lookup connect.ngrok-agent.com: no such host","lvl":"eror","msg":"failed to reconnect session","obj":"tunnels.session","t":"2026-05-25T14:46:43.4616108+05:30"}
{"err":"failed to dial ngrok server with address \"connect.ngrok-agent.com:443\": dial tcp: lookup connect.ngrok-agent.com: no such host","lvl":"eror","msg":"failed to reconnect session","obj":"tunnels.session","t":"2026-05-25T14:47:13.4683213+05:30"}
{"err":"failed to dial ngrok server with address \"connect.ngrok-agent.com:443\": dial tcp: lookup connect.ngrok-agent.com: no such host","lvl":"eror","msg":"failed to reconnect session","obj":"tunnels.session","t":"2026-05-25T14:47:43.4816938+05:30"}
{"err":"failed to dial ngrok server with address \"connect.ngrok-agent.com:443\": dial tcp: lookup connect.ngrok-agent.com: no such host","lvl":"eror","msg":"failed to reconnect session","obj":"tunnels.session","t":"2026-05-25T14:48:13.489012+05:30"}
{"lvl":"info","msg":"client session established","obj":"tunnels.session","t":"2026-05-25T14:48:44.3108859+05:30"}
{"lvl":"info","msg":"tunnel session started","obj":"tunnels.session","t":"2026-05-25T14:48:44.3116172+05:30"}
